<?xml version="1.0" encoding="UTF-8"?>
<!-- Generated by org.testng.reporters.JUnitReportReporter -->
<testsuite skipped="0" hostname="DESKTOP-3CGV4TH" name="tests.SearchTest" tests="1" failures="0" timestamp="2020-03-26T22:53:26 EET" time="1.022" errors="0">
  <testcase name="searchpr" time="1.022" classname="tests.SearchTest"/>
  <system-out/>
</testsuite> <!-- tests.SearchTest -->
