<?xml version="1.0" encoding="UTF-8"?>
<!-- Generated by org.testng.reporters.JUnitReportReporter -->
<testsuite skipped="0" hostname="DESKTOP-3CGV4TH" name="tests.ProductHoverMenuPage" tests="1" failures="0" timestamp="2020-03-26T22:53:26 EET" time="1.844" errors="0">
  <testcase name="hovermen" time="1.844" classname="tests.ProductHoverMenuPage"/>
  <system-out/>
</testsuite> <!-- tests.ProductHoverMenuPage -->
