<?xml version="1.0" encoding="UTF-8"?>
<!-- Generated by org.testng.reporters.JUnitReportReporter -->
<testsuite skipped="1" hostname="DESKTOP-3CGV4TH" name="com.google.SecondMaven.TestNG" tests="3" failures="0" timestamp="2020-03-17T23:38:22 EET" time="0.067" errors="0">
  <testcase name="openUrl12" time="0.002" classname="com.google.SecondMaven.TestNG"/>
  <system-out/>
  <testcase name="openUrl1" time="0.065" classname="com.google.SecondMaven.TestNG"/>
  <system-out/>
  <testcase name="openUrl2" classname="com.google.SecondMaven.TestNG">
    <skipped/>
  </testcase> <!-- openUrl2 -->
  <system-out/>
</testsuite> <!-- com.google.SecondMaven.TestNG -->
