<?xml version="1.0" encoding="UTF-8"?>
<!-- Generated by org.testng.reporters.JUnitReportReporter -->
<testsuite skipped="0" hostname="DESKTOP-3CGV4TH" name="tests.UserRegisterationTest" tests="3" failures="0" timestamp="2020-03-26T22:53:26 EET" time="12.563" errors="0">
  <testcase name="registersucces" time="5.973" classname="tests.UserRegisterationTest"/>
  <system-out/>
  <testcase name="registerout1" time="2.622" classname="tests.UserRegisterationTest"/>
  <system-out/>
  <testcase name="login2" time="3.968" classname="tests.UserRegisterationTest"/>
  <system-out/>
</testsuite> <!-- tests.UserRegisterationTest -->
