<?xml version="1.0" encoding="UTF-8"?>
<!-- Generated by org.testng.reporters.JUnitReportReporter -->
<testsuite skipped="0" hostname="DESKTOP-3CGV4TH" name="tests.ContactUsTest" tests="1" failures="0" timestamp="2020-03-26T22:53:26 EET" time="2.765" errors="0">
  <testcase name="contactus" time="2.765" classname="tests.ContactUsTest"/>
  <system-out/>
</testsuite> <!-- tests.ContactUsTest -->
