<?xml version="1.0" encoding="UTF-8"?>
<!-- Generated by org.testng.reporters.JUnitReportReporter -->
<testsuite skipped="0" hostname="DESKTOP-3CGV4TH" name="tests.ContactUsTest" tests="1" failures="0" timestamp="2020-03-26T23:36:48 EET" time="11.514" errors="0">
  <testcase name="contactus" time="11.514" classname="tests.ContactUsTest"/>
  <system-out/>
</testsuite> <!-- tests.ContactUsTest -->
