<?xml version="1.0" encoding="UTF-8"?>
<!-- Generated by org.testng.reporters.JUnitReportReporter -->
<testsuite skipped="0" hostname="DESKTOP-3CGV4TH" name="tests.AddTocartTest" tests="6" failures="0" timestamp="2020-03-26T23:36:48 EET" time="148.406" errors="0">
  <testcase name="checkout" time="18.861" classname="tests.AddTocartTest"/>
  <system-out/>
  <testcase name="openreg" time="105.066" classname="tests.AddTocartTest"/>
  <system-out/>
  <testcase name="searchprod" time="9.174" classname="tests.AddTocartTest"/>
  <system-out/>
  <testcase name="gotocart" time="7.448" classname="tests.AddTocartTest"/>
  <system-out/>
  <testcase name="addtocart" time="2.272" classname="tests.AddTocartTest"/>
  <system-out/>
  <testcase name="check" time="5.585" classname="tests.AddTocartTest"/>
  <system-out/>
</testsuite> <!-- tests.AddTocartTest -->
